<?xml version="1.0" encoding="UTF-8"?>
<testsuite xmlns:xsi="http://www.w3.org/2001/XMLSchema-instance" xsi:noNamespaceSchemaLocation="https://maven.apache.org/surefire/maven-surefire-plugin/xsd/surefire-test-report-3.0.xsd" version="3.0" name="TestsJunit.DaoTest" time="0.003" tests="2" errors="0" skipped="0" failures="0">
  <properties>
[...]
</properties>
  <testcase name="testValidarConCredencialesIncorrectas" classname="TestsJunit.DaoTest" time="0.002">
    <system-out><![CDATA[java.lang.NullPointerException
]]></system-out>
  </testcase>
  <testcase name="testValidarConCredencialesCorrectas" classname="TestsJunit.DaoTest" time="0.001">
    <system-out><![CDATA[java.lang.NullPointerException
]]></system-out>
  </testcase>
</testsuite>